# Conditions read from  CMS_CONDITIONS  via FrontierProd 
DEBUG 2016-01-22 08:55:24,689: 	 Executing command: 'submit'
DEBUG 2016-01-22 08:55:24,690: 	 Found CRAB cache file /home/janjamrk/.crab3
DEBUG 2016-01-22 08:55:24,705: 	 Checking credentials
DEBUG 2016-01-22 08:55:24,706: 	 Found proxy file /tmp/x509up_u171357
DEBUG 2016-01-22 08:55:24,706: 	 Getting proxy life time left
DEBUG 2016-01-22 08:55:24,810: 	 Executing : 
 command : voms-proxy-info -file /tmp/x509up_u171357 -timeleft
 output : 74538

 error: 
 retcode : 0
DEBUG 2016-01-22 08:55:24,914: 	 Executing : 
 command : voms-proxy-info -file /tmp/x509up_u171357 -actimeleft
 output : 74538

 error: 
 retcode : 0
DEBUG 2016-01-22 08:55:24,914: 	 Proxy valid for 20:42:18 hours
INFO 2016-01-22 08:55:24,914: 	 Will use CRAB configuration file crab3Config_ppRef_v3.py
DEBUG 2016-01-22 08:55:24,915: 	 Loading CRAB configuration file.
DEBUG 2016-01-22 08:55:27,684: 	 Will use CRAB Analysis plugin (i.e. will run an analysis job type).
DEBUG 2016-01-22 08:55:27,801: 	 Executing : 
 command : openssl x509 -in ~/.globus/usercert.pem -subject -noout
 output : subject= /DC=ch/DC=cern/OU=Organic Units/OU=Users/CN=rjanjam/CN=746084/CN=Ravi Kishore Janjam

 error: WARNING: can't open config file: /build/dmwmbld/srv/state/dmwmbld/builds/comp_gcc481/w/tmp/BUILDROOT/ef35842be28ecca6d10195ea8182a5ac/build/dmwmbld/srv/state/dmwmbld/builds/comp_gcc481/w/slc6_amd64_gcc481/external/openssl/1.0.1p/ssl/openssl.cnf

 retcode : 0
DEBUG 2016-01-22 08:55:27,802: 	 Checking credentials
DEBUG 2016-01-22 08:55:27,802: 	 Found proxy file /tmp/x509up_u171357
DEBUG 2016-01-22 08:55:27,802: 	 Getting proxy life time left
DEBUG 2016-01-22 08:55:27,906: 	 Executing : 
 command : voms-proxy-info -file /tmp/x509up_u171357 -timeleft
 output : 74535

 error: 
 retcode : 0
DEBUG 2016-01-22 08:55:28,010: 	 Executing : 
 command : voms-proxy-info -file /tmp/x509up_u171357 -actimeleft
 output : 74535

 error: 
 retcode : 0
DEBUG 2016-01-22 08:55:28,010: 	 Proxy valid for 20:42:15 hours
DEBUG 2016-01-22 08:55:28,114: 	 Executing : 
 command : env X509_USER_PROXY=/tmp/x509up_u171357 voms-proxy-info -fqan
 output : /cms/Role=NULL/Capability=NULL

 error: 
 retcode : 0
DEBUG 2016-01-22 08:55:29,836: 	 Registering user credentials for server /DC=ch/DC=cern/OU=computers/CN=vocms(045|052|021|031|0118|0118a|0119).cern.ch
DEBUG 2016-01-22 08:55:29,949: 	 Executing : 
 command : openssl x509 -in ~/.globus/usercert.pem -subject -noout
 output : subject= /DC=ch/DC=cern/OU=Organic Units/OU=Users/CN=rjanjam/CN=746084/CN=Ravi Kishore Janjam

 error: WARNING: can't open config file: /build/dmwmbld/srv/state/dmwmbld/builds/comp_gcc481/w/tmp/BUILDROOT/ef35842be28ecca6d10195ea8182a5ac/build/dmwmbld/srv/state/dmwmbld/builds/comp_gcc481/w/slc6_amd64_gcc481/external/openssl/1.0.1p/ssl/openssl.cnf

 retcode : 0
DEBUG 2016-01-22 08:55:29,949: 	 Getting myproxy life time left for myproxy.cern.ch
DEBUG 2016-01-22 08:55:29,949: 	 Calculating hash of /DC=ch/DC=cern/OU=Organic Units/OU=Users/CN=rjanjam/CN=746084/CN=Ravi Kishore Janjam_cmsweb.cern.ch for credential name
DEBUG 2016-01-22 08:55:31,556: 	 Executing : 
 command : myproxy-info -l 0eff835fcbff4f4bf4a7e44170c1d3b1a16589c2 -s myproxy.cern.ch
 output : username: 0eff835fcbff4f4bf4a7e44170c1d3b1a16589c2
owner: /DC=ch/DC=cern/OU=Organic Units/OU=Users/CN=rjanjam/CN=746084/CN=Ravi Kishore Janjam
  renewal policy: /DC=ch/DC=cern/OU=computers/CN=vocms(045|052|021|031|0118|0118a|0119).cern.ch
  trusted retrieval policy: /DC=ch/DC=cern/OU=computers/CN=vocms(045|052|021|031|0118|0118a|0119).cern.ch
  timeleft: 556:51:19  (23.2 days)

 error: 
 retcode : 0
DEBUG 2016-01-22 08:55:31,558: 	 Myproxy is valid: 2004679
DEBUG 2016-01-22 08:55:31,558: 	 Command use: submit
DEBUG 2016-01-22 08:55:31,558: 	 Options use: ['crab3Config_ppRef_v3.py']
DEBUG 2016-01-22 08:55:32,966: 	 CRABClient version: 3.3.1512
DEBUG 2016-01-22 08:55:32,966: 	 Instance is prod
DEBUG 2016-01-22 08:55:32,966: 	 Server base url is cmsweb.cern.ch
DEBUG 2016-01-22 08:55:32,966: 	 Command url /crabserver/prod/workflow
DEBUG 2016-01-22 08:55:32,967: 	 Started submission
DEBUG 2016-01-22 08:55:32,967: 	 Working on /gpfs22/home/janjamrk/CMSSW_7_5_8/src/RpPb/RpPb/python/ppRefConfigs/ppRef_crab_projects/crab_ppRefAnalyzer20160122085524
DEBUG 2016-01-22 08:55:34,541: 	 Loading required information from the environment
DEBUG 2016-01-22 08:55:34,541: 	 Found CMSSW_7_5_8 for slc6_amd64_gcc491 with base /gpfs22/home/janjamrk/CMSSW_7_5_8
DEBUG 2016-01-22 08:55:34,573: 	 UNIQUE NAME: tarUUID 8df12c10-09ce-421c-a737-e64cc130bee8 
DEBUG 2016-01-22 08:55:34,574: 	 self.config: from WMCore.Configuration import Configuration
config = Configuration()
config.section_('General')
config.General.transferLogs = False
config.General.transferOutputs = True
config.General.workArea = 'ppRef_crab_projects'
config.General.requestName = 'ppRefAnalyzer20160122085524'
config.section_('JobType')
config.JobType.psetName = 'ppRef_v3_cfg.py'
config.JobType.pluginName = 'Analysis'
config.section_('Data')
config.Data.inputDataset = '/MinimumBias10/Run2015E-PromptReco-v1/AOD'
config.Data.outputDatasetTag = 'ppRef_Spectra'
config.Data.publication = True
config.Data.unitsPerJob = 20
config.Data.splitting = 'LumiBased'
config.Data.inputDBS = 'global'
config.Data.lumiMask = 'https://cms-service-dqm.web.cern.ch/cms-service-dqm/CAF/certification/Collisions15/5TeV/Cert_262168-262172_5TeV_PromptReco_Collisions15_25ns_LOWPU_JSON.txt'
config.Data.outLFNDirBase = '/store/user/rjanjam/'
config.Data.runRange = '262168-262172'
config.section_('Site')
config.Site.storageSite = 'T2_US_Vanderbilt'
config.section_('User')
config.section_('Debug')

DEBUG 2016-01-22 08:55:34,574: 	 self.config.JobType.psetName: ppRef_v3_cfg.py
INFO 2016-01-22 08:55:34,574: 	 Importing CMSSW configuration ppRef_v3_cfg.py
INFO 2016-01-22 08:55:34,893: 	 Finished importing CMSSW configuration ppRef_v3_cfg.py
DEBUG 2016-01-22 08:55:34,894: 	 Writing CMSSW configuration to /gpfs22/home/janjamrk/CMSSW_7_5_8/src/RpPb/RpPb/python/ppRefConfigs/ppRef_crab_projects/crab_ppRefAnalyzer20160122085524/inputs/PSet.py
DEBUG 2016-01-22 08:55:34,984: 	 The following EDM output files will be collected: []
DEBUG 2016-01-22 08:55:34,984: 	 The following TFile output files will be collected: ['ppRefMinBias1.root']
DEBUG 2016-01-22 08:55:34,984: 	 The following user output files will be collected: []
DEBUG 2016-01-22 08:55:34,984: 	 Loading required information from the environment
DEBUG 2016-01-22 08:55:34,984: 	 Found CMSSW_7_5_8 for slc6_amd64_gcc491 with base /gpfs22/home/janjamrk/CMSSW_7_5_8
DEBUG 2016-01-22 08:55:34,984: 	 Making tarball in /gpfs22/home/janjamrk/CMSSW_7_5_8/src/RpPb/RpPb/python/ppRefConfigs/ppRef_crab_projects/crab_ppRefAnalyzer20160122085524/inputs/8df12c10-09ce-421c-a737-e64cc130bee8default.tgz
DEBUG 2016-01-22 08:55:34,985: 	 Checking directory /gpfs22/home/janjamrk/CMSSW_7_5_8/lib
DEBUG 2016-01-22 08:55:34,985: 	 Adding directory /gpfs22/home/janjamrk/CMSSW_7_5_8/lib to tarball
DEBUG 2016-01-22 08:55:35,115: 	 Checking directory /gpfs22/home/janjamrk/CMSSW_7_5_8/biglib
DEBUG 2016-01-22 08:55:35,115: 	 Adding directory /gpfs22/home/janjamrk/CMSSW_7_5_8/biglib to tarball
DEBUG 2016-01-22 08:55:35,119: 	 Checking directory /gpfs22/home/janjamrk/CMSSW_7_5_8/module
DEBUG 2016-01-22 08:55:35,181: 	 Uploading archive /gpfs22/home/janjamrk/CMSSW_7_5_8/src/RpPb/RpPb/python/ppRefConfigs/ppRef_crab_projects/crab_ppRefAnalyzer20160122085524/inputs/8df12c10-09ce-421c-a737-e64cc130bee8default.tgz to the CRAB cache. Using URI https://cmsweb.cern.ch/crabcache
DEBUG 2016-01-22 08:55:37,388: 	 Result uploading input files: c2dab27abb9629e43e713190042c448ebf9e5e7ae841b12dc768bf1138bf4e6f.tar.gz 
DEBUG 2016-01-22 08:55:37,388: 	 Attaching lumi mask https://cms-service-dqm.web.cern.ch/cms-service-dqm/CAF/certification/Collisions15/5TeV/Cert_262168-262172_5TeV_PromptReco_Collisions15_25ns_LOWPU_JSON.txt to the request
DEBUG 2016-01-22 08:55:37,388: 	 Downloading lumi-mask from https://cms-service-dqm.web.cern.ch/cms-service-dqm/CAF/certification/Collisions15/5TeV/Cert_262168-262172_5TeV_PromptReco_Collisions15_25ns_LOWPU_JSON.txt
WARNING 2016-01-22 08:55:38,252: 	 Warning: The following output files will not be published, as they are not EDM files: ['ppRefMinBias1.root']
INFO 2016-01-22 08:55:38,252: 	 Sending the request to the server
DEBUG 2016-01-22 08:55:38,252: 	 Submitting {'maxjobruntime': 1250, 'ignorelocality': 0, 'savelogsflag': 0, 'useparent': 0, 'asyncdest': 'T2_US_Vanderbilt', 'algoargs': 20, 'cachefilename': 'c2dab27abb9629e43e713190042c448ebf9e5e7ae841b12dc768bf1138bf4e6f.tar.gz', 'numcores': 1, 'addoutputfiles': [], 'generator': 'pythia', 'maxmemory': 2000, 'publishdbsurl': 'https://cmsweb.cern.ch/dbs/prod/phys03/DBSWriter', 'priority': 10, 'jobsw': 'CMSSW_7_5_8', 'edmoutfiles': [], 'userfiles': [], 'primarydataset': '', 'inputdata': '/MinimumBias10/Run2015E-PromptReco-v1/AOD', 'lfn': '/store/user/rjanjam/', 'dryrun': 0, 'workflow': 'crab_ppRefAnalyzer20160122085524', 'adduserfiles': [], 'jobarch': 'slc6_amd64_gcc491', 'lumis': ['13,40,42,50', '1,28,30,56,61,61', '1,164', '1,164'], 'nonprodsw': 0, 'tfileoutfiles': ['ppRefMinBias1.root'], 'oneEventMode': 0, 'cacheurl': 'https://cmsweb.cern.ch/crabcache', 'saveoutput': 1, 'publication': 1, 'runs': [u'262169', u'262170', u'262171', u'262172'], 'totalunits': 0, 'splitalgo': 'LumiBased', 'nonvaliddata': 0, 'dbsurl': 'https://cmsweb.cern.ch/dbs/prod/global/DBSReader', 'publishgroupname': 0, 'jobtype': 'Analysis', 'publishname2': 'ppRef_Spectra'} 
DEBUG 2016-01-22 08:55:38,253: 	 Encoded submit request: maxjobruntime=1250&ignorelocality=0&savelogsflag=0&useparent=0&asyncdest=T2_US_Vanderbilt&algoargs=20&cachefilename=c2dab27abb9629e43e713190042c448ebf9e5e7ae841b12dc768bf1138bf4e6f.tar.gz&numcores=1&generator=pythia&maxmemory=2000&publishdbsurl=https%3A%2F%2Fcmsweb.cern.ch%2Fdbs%2Fprod%2Fphys03%2FDBSWriter&priority=10&jobsw=CMSSW_7_5_8&primarydataset=&inputdata=%2FMinimumBias10%2FRun2015E-PromptReco-v1%2FAOD&lfn=%2Fstore%2Fuser%2Frjanjam%2F&dryrun=0&workflow=crab_ppRefAnalyzer20160122085524&jobarch=slc6_amd64_gcc491&nonprodsw=0&oneEventMode=0&cacheurl=https%3A%2F%2Fcmsweb.cern.ch%2Fcrabcache&saveoutput=1&publication=1&totalunits=0&splitalgo=LumiBased&nonvaliddata=0&dbsurl=https%3A%2F%2Fcmsweb.cern.ch%2Fdbs%2Fprod%2Fglobal%2FDBSReader&publishgroupname=0&jobtype=Analysis&publishname2=ppRef_Spectra&tfileoutfiles=ppRefMinBias1.root&runs=262169&runs=262170&runs=262171&runs=262172&lumis=13%2C40%2C42%2C50&lumis=1%2C28%2C30%2C56%2C61%2C61&lumis=1%2C164&lumis=1%2C164
DEBUG 2016-01-22 08:55:41,447: 	 Result: {'result': [{'RequestName': '160122_145539:rjanjam_crab_ppRefAnalyzer20160122085524'}]}
INFO 2016-01-22 08:55:41,449: 	 Success: Your task has been delivered to the CRAB3 server.
INFO 2016-01-22 08:55:41,450: 	 Task name: 160122_145539:rjanjam_crab_ppRefAnalyzer20160122085524
INFO 2016-01-22 08:55:41,450: 	 Please use 'crab status' to check how the submission process proceeds.
DEBUG 2016-01-22 08:55:41,450: 	 About to return
INFO 2016-01-22 08:55:41,458: 	 Log file is /gpfs22/home/janjamrk/CMSSW_7_5_8/src/RpPb/RpPb/python/ppRefConfigs/ppRef_crab_projects/crab_ppRefAnalyzer20160122085524/crab.log
DEBUG 2016-01-22 09:38:12,197: 	 Executing command: 'status'
DEBUG 2016-01-22 09:38:12,198: 	 Found CRAB cache file /home/janjamrk/.crab3
DEBUG 2016-01-22 09:38:12,228: 	 Checking credentials
DEBUG 2016-01-22 09:38:12,232: 	 Found proxy file /tmp/x509up_u171357
DEBUG 2016-01-22 09:38:12,232: 	 Getting proxy life time left
DEBUG 2016-01-22 09:38:12,336: 	 Executing : 
 command : voms-proxy-info -file /tmp/x509up_u171357 -timeleft
 output : 71970

 error: 
 retcode : 0
DEBUG 2016-01-22 09:38:12,441: 	 Executing : 
 command : voms-proxy-info -file /tmp/x509up_u171357 -actimeleft
 output : 71970

 error: 
 retcode : 0
DEBUG 2016-01-22 09:38:12,441: 	 Proxy valid for 19:59:30 hours
DEBUG 2016-01-22 09:38:12,566: 	 Executing : 
 command : openssl x509 -in ~/.globus/usercert.pem -subject -noout
 output : subject= /DC=ch/DC=cern/OU=Organic Units/OU=Users/CN=rjanjam/CN=746084/CN=Ravi Kishore Janjam

 error: WARNING: can't open config file: /build/dmwmbld/srv/state/dmwmbld/builds/comp_gcc481/w/tmp/BUILDROOT/ef35842be28ecca6d10195ea8182a5ac/build/dmwmbld/srv/state/dmwmbld/builds/comp_gcc481/w/slc6_amd64_gcc481/external/openssl/1.0.1p/ssl/openssl.cnf

 retcode : 0
DEBUG 2016-01-22 09:38:12,567: 	 Checking credentials
DEBUG 2016-01-22 09:38:12,567: 	 Found proxy file /tmp/x509up_u171357
DEBUG 2016-01-22 09:38:12,567: 	 Getting proxy life time left
DEBUG 2016-01-22 09:38:12,671: 	 Executing : 
 command : voms-proxy-info -file /tmp/x509up_u171357 -timeleft
 output : 71970

 error: 
 retcode : 0
DEBUG 2016-01-22 09:38:12,774: 	 Executing : 
 command : voms-proxy-info -file /tmp/x509up_u171357 -actimeleft
 output : 71970

 error: 
 retcode : 0
DEBUG 2016-01-22 09:38:12,774: 	 Proxy valid for 19:59:30 hours
DEBUG 2016-01-22 09:38:14,045: 	 Registering user credentials for server /DC=ch/DC=cern/OU=computers/CN=vocms(045|052|021|031|0118|0118a|0119).cern.ch
DEBUG 2016-01-22 09:38:14,158: 	 Executing : 
 command : openssl x509 -in ~/.globus/usercert.pem -subject -noout
 output : subject= /DC=ch/DC=cern/OU=Organic Units/OU=Users/CN=rjanjam/CN=746084/CN=Ravi Kishore Janjam

 error: WARNING: can't open config file: /build/dmwmbld/srv/state/dmwmbld/builds/comp_gcc481/w/tmp/BUILDROOT/ef35842be28ecca6d10195ea8182a5ac/build/dmwmbld/srv/state/dmwmbld/builds/comp_gcc481/w/slc6_amd64_gcc481/external/openssl/1.0.1p/ssl/openssl.cnf

 retcode : 0
DEBUG 2016-01-22 09:38:14,159: 	 Getting myproxy life time left for myproxy.cern.ch
DEBUG 2016-01-22 09:38:14,159: 	 Calculating hash of /DC=ch/DC=cern/OU=Organic Units/OU=Users/CN=rjanjam/CN=746084/CN=Ravi Kishore Janjam_cmsweb.cern.ch for credential name
DEBUG 2016-01-22 09:38:15,765: 	 Executing : 
 command : myproxy-info -l 0eff835fcbff4f4bf4a7e44170c1d3b1a16589c2 -s myproxy.cern.ch
 output : username: 0eff835fcbff4f4bf4a7e44170c1d3b1a16589c2
owner: /DC=ch/DC=cern/OU=Organic Units/OU=Users/CN=rjanjam/CN=746084/CN=Ravi Kishore Janjam
  renewal policy: /DC=ch/DC=cern/OU=computers/CN=vocms(045|052|021|031|0118|0118a|0119).cern.ch
  trusted retrieval policy: /DC=ch/DC=cern/OU=computers/CN=vocms(045|052|021|031|0118|0118a|0119).cern.ch
  timeleft: 556:08:35  (23.2 days)

 error: 
 retcode : 0
DEBUG 2016-01-22 09:38:15,767: 	 Myproxy is valid: 2002115
DEBUG 2016-01-22 09:38:15,768: 	 Command use: status
DEBUG 2016-01-22 09:38:15,768: 	 Options use: []
DEBUG 2016-01-22 09:38:17,147: 	 CRABClient version: 3.3.1512
DEBUG 2016-01-22 09:38:17,147: 	 Instance is prod
DEBUG 2016-01-22 09:38:17,147: 	 Server base url is cmsweb.cern.ch
DEBUG 2016-01-22 09:38:17,147: 	 Command url /crabserver/prod/workflow
DEBUG 2016-01-22 09:38:17,147: 	 Looking up detailed status of task 160122_145539:rjanjam_crab_ppRefAnalyzer20160122085524
DEBUG 2016-01-22 09:38:22,176: 	 {'status': 'SUBMITTED', 'schedd': 'crab3-3@submit-4.t2.ucsd.edu', 'jobsPerStatus': {'finished': 20, 'transferring': 1}, 'jobs': {'11': {'State': 'finished'}, '10': {'State': 'finished'}, '13': {'State': 'finished'}, '12': {'State': 'finished'}, '20': {'State': 'finished'}, '21': {'State': 'finished'}, '17': {'State': 'transferring'}, '16': {'State': 'finished'}, '19': {'State': 'finished'}, '18': {'State': 'finished'}, '15': {'State': 'finished'}, '1': {'State': 'finished'}, '3': {'State': 'finished'}, '2': {'State': 'finished'}, '5': {'State': 'finished'}, '4': {'State': 'finished'}, '7': {'State': 'finished'}, '6': {'State': 'finished'}, '9': {'State': 'finished'}, '8': {'State': 'finished'}, '14': {'State': 'finished'}}, 'publication': {}, 'taskWarningMsg': [], 'publicationFailures': {}, 'outdatasets': None, 'statusFailureMsg': '', 'taskFailureMsg': '', 'failedJobdefs': 0, 'ASOURL': 'https://cmsweb.cern.ch/couchdb', 'totalJobdefs': 0, 'jobdefErrors': [], 'collector': 'cmssrv221.fnal.gov,vocms099.cern.ch', 'jobList': [['finished', 20], ['finished', 21], ['finished', 1], ['finished', 3], ['finished', 2], ['finished', 5], ['finished', 4], ['finished', 7], ['finished', 6], ['finished', 9], ['finished', 8], ['finished', 11], ['finished', 10], ['finished', 13], ['finished', 12], ['finished', 15], ['finished', 14], ['transferring', 17], ['finished', 16], ['finished', 19], ['finished', 18]]}
INFO 2016-01-22 09:38:22,176: 	 CRAB project directory:		/gpfs22/home/janjamrk/CMSSW_7_5_8/src/RpPb/RpPb/python/ppRefConfigs/ppRef_crab_projects/crab_ppRefAnalyzer20160122085524
INFO 2016-01-22 09:38:22,176: 	 Task name:			160122_145539:rjanjam_crab_ppRefAnalyzer20160122085524
INFO 2016-01-22 09:38:22,176: 	 Grid scheduler:			crab3-3@submit-4.t2.ucsd.edu
INFO 2016-01-22 09:38:22,177: 	 Task status:			SUBMITTED
INFO 2016-01-22 09:38:22,177: 	 Dashboard monitoring URL:	http://dashb-cms-job.cern.ch/dashboard/templates/task-analysis/#user=crab&refresh=0&table=Jobs&p=1&records=25&activemenu=2&status=&site=&tid=160122_145539%3Arjanjam_crab_ppRefAnalyzer20160122085524
INFO 2016-01-22 09:38:22,177: 	 
Jobs status:			finished       95.2% (20/21)
INFO 2016-01-22 09:38:22,177: 	 				transferring    4.8% ( 1/21)
INFO 2016-01-22 09:38:22,177: 	 
No publication information available yet
INFO 2016-01-22 09:38:22,183: 	 Log file is /gpfs22/home/janjamrk/CMSSW_7_5_8/src/RpPb/RpPb/python/ppRefConfigs/ppRef_crab_projects/crab_ppRefAnalyzer20160122085524/crab.log
